Performing C SOURCE FILE Test CMAKE_HAVE_LIBC_PTHREAD failed with the following output:
Change Dir: /home/ilint/repositories/ps-benchmarks/flexps/cmake-build-debug/third_party/src/glog-build/CMakeFiles/CMakeTmp

Run Build Command(s):/usr/bin/make -f Makefile cmTC_0dd4a/fast && make[4]: Entering directory '/home/ilint/repositories/ps-benchmarks/flexps/cmake-build-debug/third_party/src/glog-build/CMakeFiles/CMakeTmp'
/usr/bin/make  -f CMakeFiles/cmTC_0dd4a.dir/build.make CMakeFiles/cmTC_0dd4a.dir/build
make[5]: Entering directory '/home/ilint/repositories/ps-benchmarks/flexps/cmake-build-debug/third_party/src/glog-build/CMakeFiles/CMakeTmp'
Building C object CMakeFiles/cmTC_0dd4a.dir/src.c.o
/usr/bin/cc -DCMAKE_HAVE_LIBC_PTHREAD   -o CMakeFiles/cmTC_0dd4a.dir/src.c.o -c /home/ilint/repositories/ps-benchmarks/flexps/cmake-build-debug/third_party/src/glog-build/CMakeFiles/CMakeTmp/src.c
Linking C executable cmTC_0dd4a
/snap/clion/164/bin/cmake/linux/bin/cmake -E cmake_link_script CMakeFiles/cmTC_0dd4a.dir/link.txt --verbose=1
/usr/bin/cc -rdynamic CMakeFiles/cmTC_0dd4a.dir/src.c.o -o cmTC_0dd4a 
CMakeFiles/cmTC_0dd4a.dir/src.c.o: In function `main':
src.c:(.text+0x3e): undefined reference to `pthread_create'
src.c:(.text+0x4a): undefined reference to `pthread_detach'
src.c:(.text+0x56): undefined reference to `pthread_cancel'
src.c:(.text+0x67): undefined reference to `pthread_join'
src.c:(.text+0x7b): undefined reference to `pthread_atfork'
collect2: error: ld returned 1 exit status
CMakeFiles/cmTC_0dd4a.dir/build.make:98: recipe for target 'cmTC_0dd4a' failed
make[5]: *** [cmTC_0dd4a] Error 1
make[5]: Leaving directory '/home/ilint/repositories/ps-benchmarks/flexps/cmake-build-debug/third_party/src/glog-build/CMakeFiles/CMakeTmp'
Makefile:127: recipe for target 'cmTC_0dd4a/fast' failed
make[4]: *** [cmTC_0dd4a/fast] Error 2
make[4]: Leaving directory '/home/ilint/repositories/ps-benchmarks/flexps/cmake-build-debug/third_party/src/glog-build/CMakeFiles/CMakeTmp'


Source file was:
#include <pthread.h>

static void* test_func(void* data)
{
  return data;
}

int main(void)
{
  pthread_t thread;
  pthread_create(&thread, NULL, test_func, NULL);
  pthread_detach(thread);
  pthread_cancel(thread);
  pthread_join(thread, NULL);
  pthread_atfork(NULL, NULL, NULL);
  pthread_exit(NULL);

  return 0;
}

Determining if the function pthread_create exists in the pthreads failed with the following output:
Change Dir: /home/ilint/repositories/ps-benchmarks/flexps/cmake-build-debug/third_party/src/glog-build/CMakeFiles/CMakeTmp

Run Build Command(s):/usr/bin/make -f Makefile cmTC_62d70/fast && make[4]: Entering directory '/home/ilint/repositories/ps-benchmarks/flexps/cmake-build-debug/third_party/src/glog-build/CMakeFiles/CMakeTmp'
/usr/bin/make  -f CMakeFiles/cmTC_62d70.dir/build.make CMakeFiles/cmTC_62d70.dir/build
make[5]: Entering directory '/home/ilint/repositories/ps-benchmarks/flexps/cmake-build-debug/third_party/src/glog-build/CMakeFiles/CMakeTmp'
Building C object CMakeFiles/cmTC_62d70.dir/CheckFunctionExists.c.o
/usr/bin/cc   -DCHECK_FUNCTION_EXISTS=pthread_create -o CMakeFiles/cmTC_62d70.dir/CheckFunctionExists.c.o -c /snap/clion/164/bin/cmake/linux/share/cmake-3.20/Modules/CheckFunctionExists.c
Linking C executable cmTC_62d70
/snap/clion/164/bin/cmake/linux/bin/cmake -E cmake_link_script CMakeFiles/cmTC_62d70.dir/link.txt --verbose=1
/usr/bin/cc  -DCHECK_FUNCTION_EXISTS=pthread_create -rdynamic CMakeFiles/cmTC_62d70.dir/CheckFunctionExists.c.o -o cmTC_62d70  -lpthreads 
/usr/bin/ld: cannot find -lpthreads
collect2: error: ld returned 1 exit status
CMakeFiles/cmTC_62d70.dir/build.make:98: recipe for target 'cmTC_62d70' failed
make[5]: *** [cmTC_62d70] Error 1
make[5]: Leaving directory '/home/ilint/repositories/ps-benchmarks/flexps/cmake-build-debug/third_party/src/glog-build/CMakeFiles/CMakeTmp'
Makefile:127: recipe for target 'cmTC_62d70/fast' failed
make[4]: *** [cmTC_62d70/fast] Error 2
make[4]: Leaving directory '/home/ilint/repositories/ps-benchmarks/flexps/cmake-build-debug/third_party/src/glog-build/CMakeFiles/CMakeTmp'



Determining if the include file libunwind.h exists failed with the following output:
Change Dir: /home/ilint/repositories/ps-benchmarks/flexps/cmake-build-debug/third_party/src/glog-build/CMakeFiles/CMakeTmp

Run Build Command(s):/usr/bin/make -f Makefile cmTC_d1a5b/fast && make[4]: Entering directory '/home/ilint/repositories/ps-benchmarks/flexps/cmake-build-debug/third_party/src/glog-build/CMakeFiles/CMakeTmp'
/usr/bin/make  -f CMakeFiles/cmTC_d1a5b.dir/build.make CMakeFiles/cmTC_d1a5b.dir/build
make[5]: Entering directory '/home/ilint/repositories/ps-benchmarks/flexps/cmake-build-debug/third_party/src/glog-build/CMakeFiles/CMakeTmp'
Building C object CMakeFiles/cmTC_d1a5b.dir/CheckIncludeFile.c.o
/usr/bin/cc    -o CMakeFiles/cmTC_d1a5b.dir/CheckIncludeFile.c.o -c /home/ilint/repositories/ps-benchmarks/flexps/cmake-build-debug/third_party/src/glog-build/CMakeFiles/CMakeTmp/CheckIncludeFile.c
/home/ilint/repositories/ps-benchmarks/flexps/cmake-build-debug/third_party/src/glog-build/CMakeFiles/CMakeTmp/CheckIncludeFile.c:1:10: fatal error: libunwind.h: No such file or directory
    1 | #include <libunwind.h>
      |          ^~~~~~~~~~~~~
compilation terminated.
CMakeFiles/cmTC_d1a5b.dir/build.make:77: recipe for target 'CMakeFiles/cmTC_d1a5b.dir/CheckIncludeFile.c.o' failed
make[5]: *** [CMakeFiles/cmTC_d1a5b.dir/CheckIncludeFile.c.o] Error 1
make[5]: Leaving directory '/home/ilint/repositories/ps-benchmarks/flexps/cmake-build-debug/third_party/src/glog-build/CMakeFiles/CMakeTmp'
Makefile:127: recipe for target 'cmTC_d1a5b/fast' failed
make[4]: *** [cmTC_d1a5b/fast] Error 2
make[4]: Leaving directory '/home/ilint/repositories/ps-benchmarks/flexps/cmake-build-debug/third_party/src/glog-build/CMakeFiles/CMakeTmp'



Determining size of unsigned __int16 failed with the following output:
Change Dir: /home/ilint/repositories/ps-benchmarks/flexps/cmake-build-debug/third_party/src/glog-build/CMakeFiles/CMakeTmp

Run Build Command(s):/usr/bin/make -f Makefile cmTC_7ca89/fast && make[4]: Entering directory '/home/ilint/repositories/ps-benchmarks/flexps/cmake-build-debug/third_party/src/glog-build/CMakeFiles/CMakeTmp'
/usr/bin/make  -f CMakeFiles/cmTC_7ca89.dir/build.make CMakeFiles/cmTC_7ca89.dir/build
make[5]: Entering directory '/home/ilint/repositories/ps-benchmarks/flexps/cmake-build-debug/third_party/src/glog-build/CMakeFiles/CMakeTmp'
Building C object CMakeFiles/cmTC_7ca89.dir/HAVE___UINT16.c.o
/usr/bin/cc    -o CMakeFiles/cmTC_7ca89.dir/HAVE___UINT16.c.o -c /home/ilint/repositories/ps-benchmarks/flexps/cmake-build-debug/third_party/src/glog-build/CMakeFiles/CheckTypeSize/HAVE___UINT16.c
/home/ilint/repositories/ps-benchmarks/flexps/cmake-build-debug/third_party/src/glog-build/CMakeFiles/CheckTypeSize/HAVE___UINT16.c:27:31: error: expected ‘)’ before ‘__int16’
   27 | #define SIZE (sizeof(unsigned __int16))
      |                     ~         ^~~~~~~
/home/ilint/repositories/ps-benchmarks/flexps/cmake-build-debug/third_party/src/glog-build/CMakeFiles/CheckTypeSize/HAVE___UINT16.c:29:12: note: in expansion of macro ‘SIZE’
   29 |   ('0' + ((SIZE / 10000)%10)),
      |            ^~~~
/home/ilint/repositories/ps-benchmarks/flexps/cmake-build-debug/third_party/src/glog-build/CMakeFiles/CheckTypeSize/HAVE___UINT16.c:27:31: error: expected ‘)’ before ‘__int16’
   27 | #define SIZE (sizeof(unsigned __int16))
      |                     ~         ^~~~~~~
/home/ilint/repositories/ps-benchmarks/flexps/cmake-build-debug/third_party/src/glog-build/CMakeFiles/CheckTypeSize/HAVE___UINT16.c:30:12: note: in expansion of macro ‘SIZE’
   30 |   ('0' + ((SIZE / 1000)%10)),
      |            ^~~~
/home/ilint/repositories/ps-benchmarks/flexps/cmake-build-debug/third_party/src/glog-build/CMakeFiles/CheckTypeSize/HAVE___UINT16.c:27:31: error: expected ‘)’ before ‘__int16’
   27 | #define SIZE (sizeof(unsigned __int16))
      |                     ~         ^~~~~~~
/home/ilint/repositories/ps-benchmarks/flexps/cmake-build-debug/third_party/src/glog-build/CMakeFiles/CheckTypeSize/HAVE___UINT16.c:31:12: note: in expansion of macro ‘SIZE’
   31 |   ('0' + ((SIZE / 100)%10)),
      |            ^~~~
/home/ilint/repositories/ps-benchmarks/flexps/cmake-build-debug/third_party/src/glog-build/CMakeFiles/CheckTypeSize/HAVE___UINT16.c:27:31: error: expected ‘)’ before ‘__int16’
   27 | #define SIZE (sizeof(unsigned __int16))
      |                     ~         ^~~~~~~
/home/ilint/repositories/ps-benchmarks/flexps/cmake-build-debug/third_party/src/glog-build/CMakeFiles/CheckTypeSize/HAVE___UINT16.c:32:12: note: in expansion of macro ‘SIZE’
   32 |   ('0' + ((SIZE / 10)%10)),
      |            ^~~~
/home/ilint/repositories/ps-benchmarks/flexps/cmake-build-debug/third_party/src/glog-build/CMakeFiles/CheckTypeSize/HAVE___UINT16.c:27:31: error: expected ‘)’ before ‘__int16’
   27 | #define SIZE (sizeof(unsigned __int16))
      |                     ~         ^~~~~~~
/home/ilint/repositories/ps-benchmarks/flexps/cmake-build-debug/third_party/src/glog-build/CMakeFiles/CheckTypeSize/HAVE___UINT16.c:33:12: note: in expansion of macro ‘SIZE’
   33 |   ('0' +  (SIZE    % 10)),
      |            ^~~~
CMakeFiles/cmTC_7ca89.dir/build.make:77: recipe for target 'CMakeFiles/cmTC_7ca89.dir/HAVE___UINT16.c.o' failed
make[5]: *** [CMakeFiles/cmTC_7ca89.dir/HAVE___UINT16.c.o] Error 1
make[5]: Leaving directory '/home/ilint/repositories/ps-benchmarks/flexps/cmake-build-debug/third_party/src/glog-build/CMakeFiles/CMakeTmp'
Makefile:127: recipe for target 'cmTC_7ca89/fast' failed
make[4]: *** [cmTC_7ca89/fast] Error 2
make[4]: Leaving directory '/home/ilint/repositories/ps-benchmarks/flexps/cmake-build-debug/third_party/src/glog-build/CMakeFiles/CMakeTmp'


/home/ilint/repositories/ps-benchmarks/flexps/cmake-build-debug/third_party/src/glog-build/CMakeFiles/CheckTypeSize/HAVE___UINT16.c:
#include <sys/types.h>
#include <stdint.h>
#include <stddef.h>


#undef KEY
#if defined(__i386)
# define KEY '_','_','i','3','8','6'
#elif defined(__x86_64)
# define KEY '_','_','x','8','6','_','6','4'
#elif defined(__PPC64__)
# define KEY '_','_','P','P','C','6','4','_','_'
#elif defined(__ppc64__)
# define KEY '_','_','p','p','c','6','4','_','_'
#elif defined(__PPC__)
# define KEY '_','_','P','P','C','_','_'
#elif defined(__ppc__)
# define KEY '_','_','p','p','c','_','_'
#elif defined(__aarch64__)
# define KEY '_','_','a','a','r','c','h','6','4','_','_'
#elif defined(__ARM_ARCH_7A__)
# define KEY '_','_','A','R','M','_','A','R','C','H','_','7','A','_','_'
#elif defined(__ARM_ARCH_7S__)
# define KEY '_','_','A','R','M','_','A','R','C','H','_','7','S','_','_'
#endif

#define SIZE (sizeof(unsigned __int16))
static char info_size[] =  {'I', 'N', 'F', 'O', ':', 's','i','z','e','[',
  ('0' + ((SIZE / 10000)%10)),
  ('0' + ((SIZE / 1000)%10)),
  ('0' + ((SIZE / 100)%10)),
  ('0' + ((SIZE / 10)%10)),
  ('0' +  (SIZE    % 10)),
  ']',
#ifdef KEY
  ' ','k','e','y','[', KEY, ']',
#endif
  '\0'};

#ifdef __CLASSIC_C__
int main(argc, argv) int argc; char *argv[];
#else
int main(int argc, char *argv[])
#endif
{
  int require = 0;
  require += info_size[argc];
  (void)argv;
  return require;
}


Determining if the function dladdr exists failed with the following output:
Change Dir: /home/ilint/repositories/ps-benchmarks/flexps/cmake-build-debug/third_party/src/glog-build/CMakeFiles/CMakeTmp

Run Build Command(s):/usr/bin/make -f Makefile cmTC_7fa26/fast && make[4]: Entering directory '/home/ilint/repositories/ps-benchmarks/flexps/cmake-build-debug/third_party/src/glog-build/CMakeFiles/CMakeTmp'
/usr/bin/make  -f CMakeFiles/cmTC_7fa26.dir/build.make CMakeFiles/cmTC_7fa26.dir/build
make[5]: Entering directory '/home/ilint/repositories/ps-benchmarks/flexps/cmake-build-debug/third_party/src/glog-build/CMakeFiles/CMakeTmp'
Building C object CMakeFiles/cmTC_7fa26.dir/CheckFunctionExists.c.o
/usr/bin/cc   -DCHECK_FUNCTION_EXISTS=dladdr -o CMakeFiles/cmTC_7fa26.dir/CheckFunctionExists.c.o -c /snap/clion/164/bin/cmake/linux/share/cmake-3.20/Modules/CheckFunctionExists.c
Linking C executable cmTC_7fa26
/snap/clion/164/bin/cmake/linux/bin/cmake -E cmake_link_script CMakeFiles/cmTC_7fa26.dir/link.txt --verbose=1
/usr/bin/cc  -DCHECK_FUNCTION_EXISTS=dladdr -rdynamic CMakeFiles/cmTC_7fa26.dir/CheckFunctionExists.c.o -o cmTC_7fa26 
CMakeFiles/cmTC_7fa26.dir/CheckFunctionExists.c.o: In function `main':
CheckFunctionExists.c:(.text+0x10): undefined reference to `dladdr'
collect2: error: ld returned 1 exit status
CMakeFiles/cmTC_7fa26.dir/build.make:98: recipe for target 'cmTC_7fa26' failed
make[5]: *** [cmTC_7fa26] Error 1
make[5]: Leaving directory '/home/ilint/repositories/ps-benchmarks/flexps/cmake-build-debug/third_party/src/glog-build/CMakeFiles/CMakeTmp'
Makefile:127: recipe for target 'cmTC_7fa26/fast' failed
make[4]: *** [cmTC_7fa26/fast] Error 2
make[4]: Leaving directory '/home/ilint/repositories/ps-benchmarks/flexps/cmake-build-debug/third_party/src/glog-build/CMakeFiles/CMakeTmp'



Performing C++ SOURCE FILE Test HAVE_NO_UNNAMED_TYPE_TEMPLATE_ARGS failed with the following output:
Change Dir: /home/ilint/repositories/ps-benchmarks/flexps/cmake-build-debug/third_party/src/glog-build/CMakeFiles/CMakeTmp

Run Build Command(s):/usr/bin/make -f Makefile cmTC_18f2f/fast && make[4]: Entering directory '/home/ilint/repositories/ps-benchmarks/flexps/cmake-build-debug/third_party/src/glog-build/CMakeFiles/CMakeTmp'
/usr/bin/make  -f CMakeFiles/cmTC_18f2f.dir/build.make CMakeFiles/cmTC_18f2f.dir/build
make[5]: Entering directory '/home/ilint/repositories/ps-benchmarks/flexps/cmake-build-debug/third_party/src/glog-build/CMakeFiles/CMakeTmp'
Building CXX object CMakeFiles/cmTC_18f2f.dir/src.cxx.o
/usr/bin/c++ -DHAVE_NO_UNNAMED_TYPE_TEMPLATE_ARGS  -Wunnamed-type-template-args -o CMakeFiles/cmTC_18f2f.dir/src.cxx.o -c /home/ilint/repositories/ps-benchmarks/flexps/cmake-build-debug/third_party/src/glog-build/CMakeFiles/CMakeTmp/src.cxx
c++: error: unrecognized command-line option '-Wunnamed-type-template-args'
CMakeFiles/cmTC_18f2f.dir/build.make:77: recipe for target 'CMakeFiles/cmTC_18f2f.dir/src.cxx.o' failed
make[5]: *** [CMakeFiles/cmTC_18f2f.dir/src.cxx.o] Error 1
make[5]: Leaving directory '/home/ilint/repositories/ps-benchmarks/flexps/cmake-build-debug/third_party/src/glog-build/CMakeFiles/CMakeTmp'
Makefile:127: recipe for target 'cmTC_18f2f/fast' failed
make[4]: *** [cmTC_18f2f/fast] Error 2
make[4]: Leaving directory '/home/ilint/repositories/ps-benchmarks/flexps/cmake-build-debug/third_party/src/glog-build/CMakeFiles/CMakeTmp'


Source file was:
int main() { return 0; }
Determining if the function get_static_proc_name exists in the unwind failed with the following output:
Change Dir: /home/ilint/repositories/ps-benchmarks/flexps/cmake-build-debug/third_party/src/glog-build/CMakeFiles/CMakeTmp

Run Build Command(s):/usr/bin/make -f Makefile cmTC_c14f5/fast && make[4]: Entering directory '/home/ilint/repositories/ps-benchmarks/flexps/cmake-build-debug/third_party/src/glog-build/CMakeFiles/CMakeTmp'
/usr/bin/make  -f CMakeFiles/cmTC_c14f5.dir/build.make CMakeFiles/cmTC_c14f5.dir/build
make[5]: Entering directory '/home/ilint/repositories/ps-benchmarks/flexps/cmake-build-debug/third_party/src/glog-build/CMakeFiles/CMakeTmp'
Building C object CMakeFiles/cmTC_c14f5.dir/CheckFunctionExists.c.o
/usr/bin/cc   -DCHECK_FUNCTION_EXISTS=get_static_proc_name -o CMakeFiles/cmTC_c14f5.dir/CheckFunctionExists.c.o -c /snap/clion/164/bin/cmake/linux/share/cmake-3.20/Modules/CheckFunctionExists.c
Linking C executable cmTC_c14f5
/snap/clion/164/bin/cmake/linux/bin/cmake -E cmake_link_script CMakeFiles/cmTC_c14f5.dir/link.txt --verbose=1
/usr/bin/cc  -DCHECK_FUNCTION_EXISTS=get_static_proc_name -rdynamic CMakeFiles/cmTC_c14f5.dir/CheckFunctionExists.c.o -o cmTC_c14f5  -lunwind 
/usr/bin/ld: cannot find -lunwind
collect2: error: ld returned 1 exit status
CMakeFiles/cmTC_c14f5.dir/build.make:98: recipe for target 'cmTC_c14f5' failed
make[5]: *** [cmTC_c14f5] Error 1
make[5]: Leaving directory '/home/ilint/repositories/ps-benchmarks/flexps/cmake-build-debug/third_party/src/glog-build/CMakeFiles/CMakeTmp'
Makefile:127: recipe for target 'cmTC_c14f5/fast' failed
make[4]: *** [cmTC_c14f5/fast] Error 2
make[4]: Leaving directory '/home/ilint/repositories/ps-benchmarks/flexps/cmake-build-debug/third_party/src/glog-build/CMakeFiles/CMakeTmp'



Performing C SOURCE FILE Test HAVE_RWLOCK failed with the following output:
Change Dir: /home/ilint/repositories/ps-benchmarks/flexps/cmake-build-debug/third_party/src/glog-build/CMakeFiles/CMakeTmp

Run Build Command(s):/usr/bin/make -f Makefile cmTC_10918/fast && make[4]: Entering directory '/home/ilint/repositories/ps-benchmarks/flexps/cmake-build-debug/third_party/src/glog-build/CMakeFiles/CMakeTmp'
/usr/bin/make  -f CMakeFiles/cmTC_10918.dir/build.make CMakeFiles/cmTC_10918.dir/build
make[5]: Entering directory '/home/ilint/repositories/ps-benchmarks/flexps/cmake-build-debug/third_party/src/glog-build/CMakeFiles/CMakeTmp'
Building C object CMakeFiles/cmTC_10918.dir/src.c.o
/usr/bin/cc -DHAVE_RWLOCK   -o CMakeFiles/cmTC_10918.dir/src.c.o -c /home/ilint/repositories/ps-benchmarks/flexps/cmake-build-debug/third_party/src/glog-build/CMakeFiles/CMakeTmp/src.c
Linking C executable cmTC_10918
/snap/clion/164/bin/cmake/linux/bin/cmake -E cmake_link_script CMakeFiles/cmTC_10918.dir/link.txt --verbose=1
/usr/bin/cc -rdynamic CMakeFiles/cmTC_10918.dir/src.c.o -o cmTC_10918 
CMakeFiles/cmTC_10918.dir/src.c.o: In function `main':
src.c:(.text+0x24): undefined reference to `pthread_rwlock_init'
src.c:(.text+0x30): undefined reference to `pthread_rwlock_rdlock'
collect2: error: ld returned 1 exit status
CMakeFiles/cmTC_10918.dir/build.make:98: recipe for target 'cmTC_10918' failed
make[5]: *** [cmTC_10918] Error 1
make[5]: Leaving directory '/home/ilint/repositories/ps-benchmarks/flexps/cmake-build-debug/third_party/src/glog-build/CMakeFiles/CMakeTmp'
Makefile:127: recipe for target 'cmTC_10918/fast' failed
make[4]: *** [cmTC_10918/fast] Error 2
make[4]: Leaving directory '/home/ilint/repositories/ps-benchmarks/flexps/cmake-build-debug/third_party/src/glog-build/CMakeFiles/CMakeTmp'


Source file was:

#define _XOPEN_SOURCE 500
#include <pthread.h>
int main(void)
{
  pthread_rwlock_t l;
  pthread_rwlock_init(&l, NULL);
  pthread_rwlock_rdlock(&l);
  return 0;
}

Performing C SOURCE FILE Test HAVE___DECLSPEC failed with the following output:
Change Dir: /home/ilint/repositories/ps-benchmarks/flexps/cmake-build-debug/third_party/src/glog-build/CMakeFiles/CMakeTmp

Run Build Command(s):/usr/bin/make -f Makefile cmTC_b4390/fast && make[4]: Entering directory '/home/ilint/repositories/ps-benchmarks/flexps/cmake-build-debug/third_party/src/glog-build/CMakeFiles/CMakeTmp'
/usr/bin/make  -f CMakeFiles/cmTC_b4390.dir/build.make CMakeFiles/cmTC_b4390.dir/build
make[5]: Entering directory '/home/ilint/repositories/ps-benchmarks/flexps/cmake-build-debug/third_party/src/glog-build/CMakeFiles/CMakeTmp'
Building C object CMakeFiles/cmTC_b4390.dir/src.c.o
/usr/bin/cc -DHAVE___DECLSPEC   -o CMakeFiles/cmTC_b4390.dir/src.c.o -c /home/ilint/repositories/ps-benchmarks/flexps/cmake-build-debug/third_party/src/glog-build/CMakeFiles/CMakeTmp/src.c
/home/ilint/repositories/ps-benchmarks/flexps/cmake-build-debug/third_party/src/glog-build/CMakeFiles/CMakeTmp/src.c:2:1: warning: return type defaults to ‘int’ [-Wimplicit-int]
    2 | __declspec(selectany) int a;
      | ^~~~~~~~~~
/home/ilint/repositories/ps-benchmarks/flexps/cmake-build-debug/third_party/src/glog-build/CMakeFiles/CMakeTmp/src.c: In function ‘__declspec’:
/home/ilint/repositories/ps-benchmarks/flexps/cmake-build-debug/third_party/src/glog-build/CMakeFiles/CMakeTmp/src.c:3:16: error: expected ‘=’, ‘,’, ‘;’, ‘asm’ or ‘__attribute__’ before ‘{’ token
    3 | int main(void) { return 0; }
      |                ^
/home/ilint/repositories/ps-benchmarks/flexps/cmake-build-debug/third_party/src/glog-build/CMakeFiles/CMakeTmp/src.c:2:1: warning: type of ‘selectany’ defaults to ‘int’ [-Wimplicit-int]
    2 | __declspec(selectany) int a;
      | ^~~~~~~~~~
/home/ilint/repositories/ps-benchmarks/flexps/cmake-build-debug/third_party/src/glog-build/CMakeFiles/CMakeTmp/src.c:2:27: error: declaration for parameter ‘a’ but no such parameter
    2 | __declspec(selectany) int a;
      |                           ^
/home/ilint/repositories/ps-benchmarks/flexps/cmake-build-debug/third_party/src/glog-build/CMakeFiles/CMakeTmp/src.c:5: error: expected ‘{’ at end of input
CMakeFiles/cmTC_b4390.dir/build.make:77: recipe for target 'CMakeFiles/cmTC_b4390.dir/src.c.o' failed
make[5]: *** [CMakeFiles/cmTC_b4390.dir/src.c.o] Error 1
make[5]: Leaving directory '/home/ilint/repositories/ps-benchmarks/flexps/cmake-build-debug/third_party/src/glog-build/CMakeFiles/CMakeTmp'
Makefile:127: recipe for target 'cmTC_b4390/fast' failed
make[4]: *** [cmTC_b4390/fast] Error 2
make[4]: Leaving directory '/home/ilint/repositories/ps-benchmarks/flexps/cmake-build-debug/third_party/src/glog-build/CMakeFiles/CMakeTmp'


Source file was:

__declspec(selectany) int a;
int main(void) { return 0; }

Performing C++ SOURCE FILE Test STL_NO_NAMESPACE failed with the following output:
Change Dir: /home/ilint/repositories/ps-benchmarks/flexps/cmake-build-debug/third_party/src/glog-build/CMakeFiles/CMakeTmp

Run Build Command(s):/usr/bin/make -f Makefile cmTC_19b4d/fast && make[4]: Entering directory '/home/ilint/repositories/ps-benchmarks/flexps/cmake-build-debug/third_party/src/glog-build/CMakeFiles/CMakeTmp'
/usr/bin/make  -f CMakeFiles/cmTC_19b4d.dir/build.make CMakeFiles/cmTC_19b4d.dir/build
make[5]: Entering directory '/home/ilint/repositories/ps-benchmarks/flexps/cmake-build-debug/third_party/src/glog-build/CMakeFiles/CMakeTmp'
Building CXX object CMakeFiles/cmTC_19b4d.dir/src.cxx.o
/usr/bin/c++ -DSTL_NO_NAMESPACE   -o CMakeFiles/cmTC_19b4d.dir/src.cxx.o -c /home/ilint/repositories/ps-benchmarks/flexps/cmake-build-debug/third_party/src/glog-build/CMakeFiles/CMakeTmp/src.cxx
/home/ilint/repositories/ps-benchmarks/flexps/cmake-build-debug/third_party/src/glog-build/CMakeFiles/CMakeTmp/src.cxx:3:1: error: ‘vector’ does not name a type
    3 | vector<int> t; int main() { }
      | ^~~~~~
CMakeFiles/cmTC_19b4d.dir/build.make:77: recipe for target 'CMakeFiles/cmTC_19b4d.dir/src.cxx.o' failed
make[5]: *** [CMakeFiles/cmTC_19b4d.dir/src.cxx.o] Error 1
make[5]: Leaving directory '/home/ilint/repositories/ps-benchmarks/flexps/cmake-build-debug/third_party/src/glog-build/CMakeFiles/CMakeTmp'
Makefile:127: recipe for target 'cmTC_19b4d/fast' failed
make[4]: *** [cmTC_19b4d/fast] Error 2
make[4]: Leaving directory '/home/ilint/repositories/ps-benchmarks/flexps/cmake-build-debug/third_party/src/glog-build/CMakeFiles/CMakeTmp'


Source file was:

#include <vector>
vector<int> t; int main() { }

